<?xml version="1.0" encoding="UTF-8"?>
<!-- Generated by org.testng.reporters.JUnitReportReporter -->
<testsuite skipped="0" hostname="DESKTOP-N6NEUQU" name="mukesotwanidatadriven.ReadExcel" tests="15" failures="0" timestamp="08 Jul 2019 16:10:19 GMT" time="380.322" errors="0">
  <testcase name="dataone" time="21.613" classname="mukesotwanidatadriven.ReadExcel"/>
  <testcase name="dataone" time="18.355" classname="mukesotwanidatadriven.ReadExcel"/>
  <testcase name="dataone" time="17.844" classname="mukesotwanidatadriven.ReadExcel"/>
  <testcase name="dataone" time="21.233" classname="mukesotwanidatadriven.ReadExcel"/>
  <testcase name="dataone" time="18.342" classname="mukesotwanidatadriven.ReadExcel"/>
  <testcase name="dataone" time="20.590" classname="mukesotwanidatadriven.ReadExcel"/>
  <testcase name="dataone" time="23.218" classname="mukesotwanidatadriven.ReadExcel"/>
  <testcase name="dataone" time="17.764" classname="mukesotwanidatadriven.ReadExcel"/>
  <testcase name="dataone" time="104.596" classname="mukesotwanidatadriven.ReadExcel"/>
  <testcase name="dataone" time="20.742" classname="mukesotwanidatadriven.ReadExcel"/>
  <testcase name="dataone" time="17.441" classname="mukesotwanidatadriven.ReadExcel"/>
  <testcase name="dataone" time="23.964" classname="mukesotwanidatadriven.ReadExcel"/>
  <testcase name="dataone" time="17.654" classname="mukesotwanidatadriven.ReadExcel"/>
  <testcase name="dataone" time="17.943" classname="mukesotwanidatadriven.ReadExcel"/>
  <testcase name="dataone" time="19.023" classname="mukesotwanidatadriven.ReadExcel"/>
</testsuite> <!-- mukesotwanidatadriven.ReadExcel -->
